<?xml version="1.0" encoding="UTF-8"?>
<testng-results skipped="0" failed="0" total="1" passed="1">
  <reporter-output>
  </reporter-output>
  <suite name="Default suite" duration-ms="41983" started-at="2022-06-30T08:24:32Z" finished-at="2022-06-30T08:25:14Z">
    <groups>
    </groups>
    <test name="Default test" duration-ms="41983" started-at="2022-06-30T08:24:32Z" finished-at="2022-06-30T08:25:14Z">
      <class name="P1.RestAssured_25_10_2021.Basics">
        <test-method status="PASS" signature="getPutPost()[pri:0, instance:P1.RestAssured_25_10_2021.Basics@43599640]" name="getPutPost" duration-ms="41953" started-at="2022-06-30T13:54:32Z" finished-at="2022-06-30T13:55:14Z">
          <reporter-output>
          </reporter-output>
        </test-method> <!-- getPutPost -->
      </class> <!-- P1.RestAssured_25_10_2021.Basics -->
    </test> <!-- Default test -->
  </suite> <!-- Default suite -->
</testng-results>
